{"logLevel":"debug","message":"multithreading is set to false"}
{"logLevel":"debug","message":"Using reflection to scan dependencies for gauge implementations..."}
SLF4J: A number (19) of logging calls during the initialization phase have been intercepted and are
SLF4J: now being replayed. These are subject to the filtering rules of the underlying logging system.
SLF4J: See also http://www.slf4j.org/codes.html#replay
{"logLevel":"debug","message":"gauge-java took 537milliseconds to load and scan. This should be less than 'runner_connection_timeout' config value."}
{"logLevel":"debug","message":"run 'gauge config runner_connection_timeout' and verify that it is < 537"}
{"logLevel":"debug","message":"starting gRPC server..."}
{"logLevel":"debug","message":"started gRPC server on port 51603"}
{"logLevel":"info","message":"Listening on port:51603"}
2023-04-14 19:27:37 INFO  Reflections:219 scan - Reflections took 1226 ms to scan 72 urls, producing 9700 keys and 51390 values
{"logLevel":"debug","message":"Scanning packages for steps"}
{"logLevel":"debug","message":"Comparing 'step.BaseSteps.getElementWithKeyIfExistsWithMessage' and 'step.BaseSteps.getElementWithKeyIfExistsWithMessage'"}
{"logLevel":"debug","message":"Found Check if element {} exists else print message {} in current project scope."}
{"logLevel":"debug","message":"Comparing 'step.BaseSteps.getElementWithKeyIfExistsWithMessage' and 'step.BaseSteps.getElementWithKeyIfExistsWithMessage'"}
{"logLevel":"debug","message":"Found Element {} var mı kontrol et yoksa hata mesajı ver {} in current project scope."}
{"logLevel":"debug","message":"Comparing 'step.BaseSteps.waitBySeconds' and 'step.BaseSteps.waitBySeconds'"}
{"logLevel":"debug","message":"Found Wait {} seconds in current project scope."}
{"logLevel":"debug","message":"Comparing 'step.BaseSteps.waitBySeconds' and 'step.BaseSteps.waitBySeconds'"}
{"logLevel":"debug","message":"Found {} saniye bekle in current project scope."}
{"logLevel":"debug","message":"Comparing 'step.BaseSteps.sendKeyToElementENTER' and 'step.BaseSteps.sendKeyToElementENTER'"}
{"logLevel":"debug","message":"Found Send ENTER key to element {} in current project scope."}
{"logLevel":"debug","message":"Comparing 'step.BaseSteps.sendKeyToElementENTER' and 'step.BaseSteps.sendKeyToElementENTER'"}
{"logLevel":"debug","message":"Found Elemente ENTER keyi yolla {} in current project scope."}
{"logLevel":"debug","message":"Comparing 'step.BaseSteps.checkURLContainsRepeat' and 'step.BaseSteps.checkURLContainsRepeat'"}
{"logLevel":"debug","message":"Found Check if current URL contains the value {} in current project scope."}
{"logLevel":"debug","message":"Comparing 'step.BaseSteps.checkURLContainsRepeat' and 'step.BaseSteps.checkURLContainsRepeat'"}
{"logLevel":"debug","message":"Found Şu anki URL {} değerini içeriyor mu kontrol et in current project scope."}
{"logLevel":"debug","message":"Comparing 'step.BaseSteps.clickToElementWithJavaScript' and 'step.BaseSteps.clickToElementWithJavaScript'"}
{"logLevel":"debug","message":"Found {} elementine javascript ile tıkla in current project scope."}
{"logLevel":"debug","message":"Comparing 'step.BaseSteps.clickToElementWithJavaScript' and 'step.BaseSteps.clickToElementWithJavaScript'"}
{"logLevel":"debug","message":"Found Click element {} with javascript in current project scope."}
{"logLevel":"debug","message":"Comparing 'step.BaseSteps.clickElement' and 'step.BaseSteps.clickElement'"}
{"logLevel":"debug","message":"Found Click to element {} in current project scope."}
{"logLevel":"debug","message":"Comparing 'step.BaseSteps.clickElement' and 'step.BaseSteps.clickElement'"}
{"logLevel":"debug","message":"Found Elementine tıkla {} in current project scope."}
{"logLevel":"debug","message":"Comparing 'step.BaseSteps.scrollToElementToBeVisible' and 'step.BaseSteps.scrollToElementToBeVisible'"}
{"logLevel":"debug","message":"Found {} Elementine kadar kaydır in current project scope."}
{"logLevel":"debug","message":"Comparing 'step.BaseSteps.scrollToElementToBeVisible' and 'step.BaseSteps.scrollToElementToBeVisible'"}
{"logLevel":"debug","message":"Found Scroll to Element {} in current project scope."}
{"logLevel":"debug","message":"Comparing 'step.BaseSteps.hover' and 'step.BaseSteps.hover'"}
{"logLevel":"debug","message":"Found {} elementin üstünde bekle in current project scope."}
{"logLevel":"debug","message":"Comparing 'step.BaseSteps.hover' and 'step.BaseSteps.hover'"}
{"logLevel":"debug","message":"Found Hold on element{} in current project scope."}
{"logLevel":"debug","message":"Comparing 'step.BaseSteps.getElementWithKeyIfExists' and 'step.BaseSteps.getElementWithKeyIfExists'"}
{"logLevel":"debug","message":"Found Check if element {} exists in current project scope."}
{"logLevel":"debug","message":"Comparing 'step.BaseSteps.getElementWithKeyIfExists' and 'step.BaseSteps.getElementWithKeyIfExists'"}
{"logLevel":"debug","message":"Found Element var mı kontrol et {} in current project scope."}
{"logLevel":"debug","message":"Comparing 'step.BaseSteps.ssendKeys' and 'step.BaseSteps.ssendKeys'"}
{"logLevel":"debug","message":"Found Write value {} to element {} in current project scope."}
{"logLevel":"debug","message":"Comparing 'step.BaseSteps.ssendKeys' and 'step.BaseSteps.ssendKeys'"}
{"logLevel":"debug","message":"Found {} textini {} elementine yaz in current project scope."}
{"logLevel":"debug","message":"Comparing 'step.BaseSteps.checkElementContainsText' and 'step.BaseSteps.checkElementContainsText'"}
{"logLevel":"debug","message":"Found Check if element {} contains text {} in current project scope."}
{"logLevel":"debug","message":"Comparing 'step.BaseSteps.checkElementContainsText' and 'step.BaseSteps.checkElementContainsText'"}
{"logLevel":"debug","message":"Found {} elementi {} değerini içeriyor mu kontrol et in current project scope."}
{"logLevel":"debug","message":"Comparing 'step.BaseSteps.waitByMilliSeconds' and 'step.BaseSteps.waitByMilliSeconds'"}
{"logLevel":"debug","message":"Found Wait {} milliseconds in current project scope."}
{"logLevel":"debug","message":"Comparing 'step.BaseSteps.waitByMilliSeconds' and 'step.BaseSteps.waitByMilliSeconds'"}
{"logLevel":"debug","message":"Found {} milisaniye bekle in current project scope."}
{"logLevel":"debug","message":"Comparing 'step.BaseSteps.checkElementAttributeWithJs' and 'step.BaseSteps.checkElementAttributeWithJs'"}
{"logLevel":"debug","message":"Found {} elementinin value degeri {} degerini iceriyor mu kontrol et in current project scope."}
{"logLevel":"debug","message":"Comparing 'step.BaseSteps.checkElementAttributeWithJs' and 'step.BaseSteps.checkElementAttributeWithJs'"}
{"logLevel":"debug","message":"Found Check the value of the element {} contains {} in current project scope."}
{"logLevel":"debug","message":"Comparing 'step.BaseSteps.checkElementExistsThenClick' and 'step.BaseSteps.checkElementExistsThenClick'"}
{"logLevel":"debug","message":"Found Wait for element then click {} in current project scope."}
{"logLevel":"debug","message":"Comparing 'step.BaseSteps.checkElementExistsThenClick' and 'step.BaseSteps.checkElementExistsThenClick'"}
{"logLevel":"debug","message":"Found Elementi bekle ve sonra tıkla {} in current project scope."}
{"logLevel":"debug","message":"Comparing 'step.BaseSteps.goToUrl' and 'step.BaseSteps.goToUrl'"}
{"logLevel":"debug","message":"Found Go to {} address in current project scope."}
{"logLevel":"debug","message":"Comparing 'step.BaseSteps.goToUrl' and 'step.BaseSteps.goToUrl'"}
{"logLevel":"debug","message":"Found {} adresine git in current project scope."}
{"logLevel":"debug","message":"Comparing 'step.BaseSteps.checkElementNotContainsText' and 'step.BaseSteps.checkElementNotContainsText'"}
{"logLevel":"debug","message":"Found Check if element {} not contains text {} in current project scope."}
{"logLevel":"debug","message":"Comparing 'step.BaseSteps.checkElementNotContainsText' and 'step.BaseSteps.checkElementNotContainsText'"}
{"logLevel":"debug","message":"Found {} elementi {} değerini içermiyor mu kontrol et in current project scope."}
{"logLevel":"debug","message":"Scanning packages for hooks"}
{"logLevel":"debug","message":"Scanned steps (using static parsing + reflections): "}
{"logLevel":"debug","message":"\tWait {} milliseconds : public void waitByMilliSeconds(long milliseconds)"}
{"logLevel":"debug","message":"\tClick element {} with javascript : public void clickToElementWithJavaScript(String key)"}
{"logLevel":"debug","message":"\t{} adresine git : public void goToUrl(String url)"}
{"logLevel":"debug","message":"\t{} milisaniye bekle : public void waitByMilliSeconds(long milliseconds)"}
{"logLevel":"debug","message":"\tElement {} var mı kontrol et yoksa hata mesajı ver {} : public void getElementWithKeyIfExistsWithMessage(String key, String message)"}
{"logLevel":"debug","message":"\t{} elementi {} değerini içeriyor mu kontrol et : public void checkElementContainsText(String key, String expectedText)"}
{"logLevel":"debug","message":"\t{} elementin üstünde bekle : public void hover(String key)"}
{"logLevel":"debug","message":"\tCheck if element {} exists else print message {} : public void getElementWithKeyIfExistsWithMessage(String key, String message)"}
{"logLevel":"debug","message":"\tElement var mı kontrol et {} : public WebElement getElementWithKeyIfExists(String key)"}
{"logLevel":"debug","message":"\tSend ENTER key to element {} : public void sendKeyToElementENTER(String key)"}
{"logLevel":"debug","message":"\t{} saniye bekle : public void waitBySeconds(ınt seconds)"}
{"logLevel":"debug","message":"\tWait for element then click {} : public void checkElementExistsThenClick(String key)"}
{"logLevel":"debug","message":"\tHold on element{} : public void hover(String key)"}
{"logLevel":"debug","message":"\tScroll to Element {} : public WebElement scrollToElementToBeVisible(String key)"}
{"logLevel":"debug","message":"\tCheck if element {} not contains text {} : public void checkElementNotContainsText(String key, String expectedText)"}
{"logLevel":"debug","message":"\tGo to {} address : public void goToUrl(String url)"}
{"logLevel":"debug","message":"\tWait {} seconds : public void waitBySeconds(ınt seconds)"}
{"logLevel":"debug","message":"\tCheck if element {} exists : public WebElement getElementWithKeyIfExists(String key)"}
{"logLevel":"debug","message":"\tWrite value {} to element {} : public void ssendKeys(String text, String key)"}
{"logLevel":"debug","message":"\tCheck if current URL contains the value {} : public void checkURLContainsRepeat(String expectedURL)"}
{"logLevel":"debug","message":"\tCheck the value of the element {} contains {} : public void checkElementAttributeWithJs(String key, String expectedValue)"}
{"logLevel":"debug","message":"\t{} elementine javascript ile tıkla : public void clickToElementWithJavaScript(String key)"}
{"logLevel":"debug","message":"\tCheck if element {} contains text {} : public void checkElementContainsText(String key, String expectedText)"}
{"logLevel":"debug","message":"\tElemente ENTER keyi yolla {} : public void sendKeyToElementENTER(String key)"}
{"logLevel":"debug","message":"\tClick to element {} : public void clickElement(String key)"}
{"logLevel":"debug","message":"\tElementi bekle ve sonra tıkla {} : public void checkElementExistsThenClick(String key)"}
{"logLevel":"debug","message":"\t{} elementinin value degeri {} degerini iceriyor mu kontrol et : public void checkElementAttributeWithJs(String key, String expectedValue)"}
{"logLevel":"debug","message":"\t{} Elementine kadar kaydır : public WebElement scrollToElementToBeVisible(String key)"}
{"logLevel":"debug","message":"\tŞu anki URL {} değerini içeriyor mu kontrol et : public void checkURLContainsRepeat(String expectedURL)"}
{"logLevel":"debug","message":"\t{} elementi {} değerini içermiyor mu kontrol et : public void checkElementNotContainsText(String key, String expectedText)"}
{"logLevel":"debug","message":"\t{} textini {} elementine yaz : public void ssendKeys(String text, String key)"}
{"logLevel":"debug","message":"\tElementine tıkla {} : public void clickElement(String key)"}
2023-04-14 19:27:38 INFO  Reflections:219 scan - Reflections took 596 ms to scan 72 urls, producing 9617 keys and 44125 values
2023-04-14 19:27:38 INFO  BaseTest:58 setUp - ************************************  BeforeScenario  ************************************
2023-04-14 19:27:38 INFO  BaseTest:61 setUp - Local cihazda mac ortaminda chrome browserinda test ayaga kalkacak
Nis 14, 2023 7:27:38 ÖS org.openqa.selenium.remote.DesiredCapabilities chrome
INFO: Using `new ChromeOptions()` is preferred to `DesiredCapabilities.chrome()`
Starting ChromeDriver 109.0.5414.74 (e7c5703604daa9cc128ccf5a5d3e993513758913-refs/branch-heads/5414@{#1172}) on port 9343
Only local connections are allowed.
Please see https://chromedriver.chromium.org/security-considerations for suggestions on keeping ChromeDriver safe.
ChromeDriver was started successfully.
